<?xml version="1.0" encoding="UTF-8"?>
<!-- Generated by org.testng.reporters.JUnitReportReporter -->
<testsuite hostname="DU1LSITA112PPH" failures="0" tests="1" name="org.lighthouse.seleniumtest.LighthousePageTest" time="84.935" errors="0" timestamp="2023-06-20T23:45:26 GST" skipped="0">
  <testcase classname="org.lighthouse.seleniumtest.LighthousePageTest" name="webPageAuditTest" time="84.935"/>
  <system-out/>
</testsuite> <!-- org.lighthouse.seleniumtest.LighthousePageTest -->
